<?xml version="1.0" encoding="UTF-8"?>
<!-- Generated by org.testng.reporters.JUnitReportReporter -->
<testsuite skipped="0" hostname="LAPTOP-TTRES0RJ" name="com.qa.facebook.testcases.SearchDataDrivenf" tests="4" failures="0" timestamp="2021-05-25T00:35:37 CDT" time="23.402" errors="0">
  <testcase name="searchdatadriverf" time="5.965" classname="com.qa.facebook.testcases.SearchDataDrivenf"/>
  <testcase name="searchdatadriverf" time="5.885" classname="com.qa.facebook.testcases.SearchDataDrivenf"/>
  <testcase name="searchdatadriverf" time="5.656" classname="com.qa.facebook.testcases.SearchDataDrivenf"/>
  <testcase name="searchdatadriverf" time="5.896" classname="com.qa.facebook.testcases.SearchDataDrivenf"/>
</testsuite> <!-- com.qa.facebook.testcases.SearchDataDrivenf -->
