<?xml version="1.0" encoding="UTF-8"?>
<!-- Generated by org.testng.reporters.JUnitReportReporter -->
<testsuite skipped="0" hostname="LAPTOP-TTRES0RJ" name="com.qa.facebook.testcases.SearchDataDrivenf" tests="4" failures="0" timestamp="2021-05-25T12:29:48 CDT" time="19.727" errors="0">
  <testcase name="searchdatadriverf" time="4.905" classname="com.qa.facebook.testcases.SearchDataDrivenf"/>
  <testcase name="searchdatadriverf" time="4.886" classname="com.qa.facebook.testcases.SearchDataDrivenf"/>
  <testcase name="searchdatadriverf" time="4.992" classname="com.qa.facebook.testcases.SearchDataDrivenf"/>
  <testcase name="searchdatadriverf" time="4.944" classname="com.qa.facebook.testcases.SearchDataDrivenf"/>
</testsuite> <!-- com.qa.facebook.testcases.SearchDataDrivenf -->
